Determining if the pthread_create exist failed with the following output:
Change Dir: /home/benjamin/ROCO318/catkin_ws/build/CMakeFiles/CMakeTmp

Run Build Command:"/usr/bin/make" "cmTC_8ef4f/fast"
/usr/bin/make -f CMakeFiles/cmTC_8ef4f.dir/build.make CMakeFiles/cmTC_8ef4f.dir/build
make[1]: Entering directory '/home/benjamin/ROCO318/catkin_ws/build/CMakeFiles/CMakeTmp'
Building C object CMakeFiles/cmTC_8ef4f.dir/CheckSymbolExists.c.o
/usr/bin/cc     -o CMakeFiles/cmTC_8ef4f.dir/CheckSymbolExists.c.o   -c /home/benjamin/ROCO318/catkin_ws/build/CMakeFiles/CMakeTmp/CheckSymbolExists.c
Linking C executable cmTC_8ef4f
/usr/bin/cmake -E cmake_link_script CMakeFiles/cmTC_8ef4f.dir/link.txt --verbose=1
/usr/bin/cc       CMakeFiles/cmTC_8ef4f.dir/CheckSymbolExists.c.o  -o cmTC_8ef4f -rdynamic 
CMakeFiles/cmTC_8ef4f.dir/CheckSymbolExists.c.o: In function `main':
CheckSymbolExists.c:(.text+0x16): undefined reference to `pthread_create'
collect2: error: ld returned 1 exit status
CMakeFiles/cmTC_8ef4f.dir/build.make:97: recipe for target 'cmTC_8ef4f' failed
make[1]: *** [cmTC_8ef4f] Error 1
make[1]: Leaving directory '/home/benjamin/ROCO318/catkin_ws/build/CMakeFiles/CMakeTmp'
Makefile:126: recipe for target 'cmTC_8ef4f/fast' failed
make: *** [cmTC_8ef4f/fast] Error 2

File /home/benjamin/ROCO318/catkin_ws/build/CMakeFiles/CMakeTmp/CheckSymbolExists.c:
/* */
#include <pthread.h>

int main(int argc, char** argv)
{
  (void)argv;
#ifndef pthread_create
  return ((int*)(&pthread_create))[argc];
#else
  (void)argc;
  return 0;
#endif
}

Determining if the function pthread_create exists in the pthreads failed with the following output:
Change Dir: /home/benjamin/ROCO318/catkin_ws/build/CMakeFiles/CMakeTmp

Run Build Command:"/usr/bin/make" "cmTC_49893/fast"
/usr/bin/make -f CMakeFiles/cmTC_49893.dir/build.make CMakeFiles/cmTC_49893.dir/build
make[1]: Entering directory '/home/benjamin/ROCO318/catkin_ws/build/CMakeFiles/CMakeTmp'
Building C object CMakeFiles/cmTC_49893.dir/CheckFunctionExists.c.o
/usr/bin/cc    -DCHECK_FUNCTION_EXISTS=pthread_create   -o CMakeFiles/cmTC_49893.dir/CheckFunctionExists.c.o   -c /usr/share/cmake-3.5/Modules/CheckFunctionExists.c
Linking C executable cmTC_49893
/usr/bin/cmake -E cmake_link_script CMakeFiles/cmTC_49893.dir/link.txt --verbose=1
/usr/bin/cc   -DCHECK_FUNCTION_EXISTS=pthread_create    CMakeFiles/cmTC_49893.dir/CheckFunctionExists.c.o  -o cmTC_49893 -rdynamic -lpthreads 
/usr/bin/ld: cannot find -lpthreads
collect2: error: ld returned 1 exit status
CMakeFiles/cmTC_49893.dir/build.make:97: recipe for target 'cmTC_49893' failed
make[1]: *** [cmTC_49893] Error 1
make[1]: Leaving directory '/home/benjamin/ROCO318/catkin_ws/build/CMakeFiles/CMakeTmp'
Makefile:126: recipe for target 'cmTC_49893/fast' failed
make: *** [cmTC_49893/fast] Error 2


